{
  "RSpec": {
    "coverage": {
      "/Users/bmf/Projects/stringprep/spec/stringprep_spec.rb": [
        1,
        null,
        null,
        null,
        null,
        1,
        1,
        2,
        2,
        null,
        null,
        1,
        2,
        2,
        null,
        null,
        1,
        2,
        2,
        null,
        null,
        1,
        2,
        2,
        null,
        null,
        1,
        2,
        2,
        null,
        null,
        1,
        2,
        2,
        null,
        null,
        1,
        2,
        2,
        null,
        null,
        1,
        2,
        2,
        null,
        null,
        1,
        2,
        2,
        null,
        null,
        1,
        2,
        2,
        null,
        null,
        1,
        2,
        2,
        null,
        null,
        1,
        2,
        2,
        null,
        null,
        1,
        2,
        2,
        null,
        null,
        1,
        2,
        2,
        null,
        null,
        1,
        2,
        2,
        null,
        null,
        1,
        2,
        2,
        null,
        null,
        1,
        2,
        2,
        null,
        null,
        1,
        2,
        2,
        null,
        null
      ],
      "/Users/bmf/Projects/stringprep/lib/stringprep.rb": [
        1,
        1,
        null,
        null,
        1,
        2,
        2,
        null,
        null,
        null,
        1,
        2,
        2,
        null,
        null,
        null,
        1,
        2,
        2,
        null,
        null,
        null,
        1,
        0,
        0,
        null,
        null,
        null,
        1,
        4,
        4,
        null,
        null,
        null,
        1,
        4,
        4,
        null,
        null,
        null,
        1,
        2,
        null,
        null,
        null,
        1,
        4,
        4,
        null,
        null,
        null,
        1,
        4,
        4,
        null,
        null,
        null,
        1,
        2,
        null,
        null,
        null,
        1,
        2,
        2,
        null,
        null,
        null,
        1,
        2,
        2,
        null,
        null,
        null,
        1,
        2,
        2,
        null,
        null,
        null,
        1,
        2,
        2,
        null,
        null,
        null,
        1,
        2,
        2,
        null,
        null,
        null,
        1,
        2,
        2,
        null,
        null,
        null,
        1,
        2,
        2,
        null,
        null,
        null,
        1,
        2,
        2,
        null,
        null,
        null,
        1,
        2,
        2,
        null,
        null,
        1,
        null,
        1,
        null,
        1,
        1,
        1,
        null,
        null
      ],
      "/Users/bmf/Projects/stringprep/lib/stringprep/table/in.rb": [
        1,
        null,
        1,
        1,
        1,
        1,
        15,
        null,
        null,
        1,
        38,
        38,
        38,
        38,
        null,
        38,
        993,
        null,
        null,
        1,
        null,
        null,
        1,
        15,
        898,
        585,
        null,
        313,
        null,
        0,
        null,
        null,
        null,
        null,
        null,
        null
      ],
      "/Users/bmf/Projects/stringprep/lib/stringprep/table/base.rb": [
        1,
        1,
        1,
        1,
        1,
        16,
        16,
        16,
        null,
        null,
        null,
        null
      ],
      "/Users/bmf/Projects/stringprep/lib/stringprep/rfc3454.rb": [
        1,
        1,
        null,
        1,
        1,
        null,
        null,
        1,
        16,
        null,
        1,
        null,
        0,
        0,
        0,
        16,
        null,
        null,
        1,
        null,
        1,
        1,
        1,
        1,
        null,
        null,
        1,
        1,
        1,
        1,
        1,
        null,
        1,
        1,
        null,
        null,
        1,
        0,
        0,
        0,
        0,
        0,
        0,
        0,
        0,
        null,
        0,
        null,
        0,
        null,
        null,
        0,
        null,
        null,
        1,
        0,
        0,
        0,
        null,
        null,
        null,
        null
      ],
      "/Users/bmf/Projects/stringprep/lib/stringprep/table/map.rb": [
        1,
        null,
        1,
        1,
        1,
        1,
        1,
        null,
        null,
        1,
        2,
        2,
        null,
        2,
        2,
        2,
        2,
        1,
        null,
        1,
        null,
        null,
        2,
        null,
        null,
        1,
        1,
        1,
        1371,
        1371,
        null,
        null,
        null,
        null,
        1,
        1371,
        null,
        null,
        1,
        1371,
        0,
        null,
        null,
        null,
        1,
        1371,
        2742,
        null,
        null,
        null,
        null,
        null,
        null
      ]
    },
    "timestamp": 1396694828
  }
}
